<?xml version="1.0" encoding="utf-8"?><testsuites name="pytest tests"><testsuite name="pytest" errors="0" failures="0" skipped="0" tests="7" time="2.327" timestamp="2026-07-31T06:14:53.136488+00:00" hostname="agent-env-e38aa4b1-8e50-465a-854e-baee4692f4d0"><testcase classname="tests.test_iter6_regression.TestManagerAuth" name="test_manager_login_old_password_rejected" time="0.126" /><testcase classname="tests.test_iter6_regression.TestManagerAuth" name="test_manager_login_new_password_accepted" time="0.108" /><testcase classname="tests.test_iter6_regression.TestManagerAuth" name="test_manager_endpoint_requires_new_token" time="0.203" /><testcase classname="tests.test_iter6_regression.TestAdminUser" name="test_admin_login_still_works" time="0.321" /><testcase classname="tests.test_iter6_regression.TestCartAdd" name="test_add_cart_pushes_one" time="0.871" /><testcase classname="tests.test_iter6_regression.TestCheckoutNoTax" name="test_checkout_no_tax_field" time="0.550" /><testcase classname="tests.test_iter6_regression.TestPaymentInfo" name="test_payment_info_upi" time="0.096" /></testsuite></testsuites>