<?xml version="1.0" encoding="utf-8"?><testsuites name="pytest tests"><testsuite name="pytest" errors="0" failures="1" skipped="0" tests="5" time="1.899" timestamp="2026-07-31T06:34:26.608070+00:00" hostname="agent-env-e38aa4b1-8e50-465a-854e-baee4692f4d0"><testcase classname="tests.test_iter7_regression" name="test_manager_new_password" time="0.289" /><testcase classname="tests.test_iter7_regression" name="test_manager_old_password_rejected" time="0.099" /><testcase classname="tests.test_iter7_regression" name="test_admin_login" time="0.374" /><testcase classname="tests.test_iter7_regression" name="test_register_response_backwards_compat" time="0.370" /><testcase classname="tests.test_iter7_regression" name="test_checkout_schema_no_loyalty" time="0.206"><failure message="AssertionError: {&quot;detail&quot;:[{&quot;type&quot;:&quot;missing&quot;,&quot;loc&quot;:[&quot;body&quot;,&quot;service_id&quot;],&quot;msg&quot;:&quot;Field required&quot;,&quot;input&quot;:{&quot;id&quot;:&quot;e6eef33e-0365-420c-a357-0d1eb3d6ed17&quot;,&quot;name&quot;:&quot;Korean Combo Package&quot;,&quot;price&quot;:10000},&quot;url&quot;:&quot;https://errors.pydantic.dev/2.13/v/missing&quot;}]}&#10;assert 422 == 200&#10; +  where 422 = &lt;Response [422]&gt;.status_code">backend/tests/test_iter7_regression.py:68: in test_checkout_schema_no_loyalty
    assert add.status_code == 200, add.text
E   AssertionError: {"detail":[{"type":"missing","loc":["body","service_id"],"msg":"Field required","input":{"id":"e6eef33e-0365-420c-a357-0d1eb3d6ed17","name":"Korean Combo Package","price":10000},"url":"https://errors.pydantic.dev/2.13/v/missing"}]}
E   assert 422 == 200
E    +  where 422 = &lt;Response [422]&gt;.status_code</failure></testcase></testsuite></testsuites>