<?xml version="1.0" encoding="utf-8"?><testsuites name="pytest tests"><testsuite name="pytest" errors="0" failures="0" skipped="0" tests="17" time="3.902" timestamp="2026-07-31T04:25:34.059416+00:00" hostname="agent-env-e38aa4b1-8e50-465a-854e-baee4692f4d0"><testcase classname="tests.backend_test.TestPublic" name="test_services_list" time="0.319" /><testcase classname="tests.backend_test.TestPublic" name="test_bridal_services_present" time="0.105" /><testcase classname="tests.backend_test.TestPublic" name="test_booking_with_bridal_service" time="0.617" /><testcase classname="tests.backend_test.TestPublic" name="test_stylists" time="0.094" /><testcase classname="tests.backend_test.TestPublic" name="test_available_slots" time="0.104" /><testcase classname="tests.backend_test.TestBooking" name="test_create_booking" time="0.501" /><testcase classname="tests.backend_test.TestManagerAuth" name="test_login_wrong" time="0.095" /><testcase classname="tests.backend_test.TestManagerAuth" name="test_login_correct" time="0.140" /><testcase classname="tests.backend_test.TestManagerAuth" name="test_manager_endpoint_no_token" time="0.096" /><testcase classname="tests.backend_test.TestManagerBookings" name="test_list_bookings" time="0.093" /><testcase classname="tests.backend_test.TestManagerBookings" name="test_update_booking_status" time="0.258" /><testcase classname="tests.backend_test.TestManagerBookings" name="test_update_invalid_status" time="0.096" /><testcase classname="tests.backend_test.TestManagerStats" name="test_stats" time="0.100" /><testcase classname="tests.backend_test.TestSlotBlocks" name="test_block_whole_day" time="0.147" /><testcase classname="tests.backend_test.TestSlotBlocks" name="test_slots_reflect_block" time="0.103" /><testcase classname="tests.backend_test.TestSlotBlocks" name="test_delete_block" time="0.211" /><testcase classname="tests.backend_test.TestManagerServices" name="test_toggle_and_price" time="0.617" /></testsuite></testsuites>