<?xml version="1.0" encoding="utf-8"?><testsuites name="pytest tests"><testsuite name="pytest" errors="0" failures="0" skipped="0" tests="15" time="3.964" timestamp="2026-07-30T20:09:38.329473+00:00" hostname="agent-env-e38aa4b1-8e50-465a-854e-baee4692f4d0"><testcase classname="tests.backend_test.TestPublic" name="test_services_list" time="0.226" /><testcase classname="tests.backend_test.TestPublic" name="test_stylists" time="0.106" /><testcase classname="tests.backend_test.TestPublic" name="test_available_slots" time="0.115" /><testcase classname="tests.backend_test.TestBooking" name="test_create_booking" time="0.986" /><testcase classname="tests.backend_test.TestManagerAuth" name="test_login_wrong" time="0.112" /><testcase classname="tests.backend_test.TestManagerAuth" name="test_login_correct" time="0.167" /><testcase classname="tests.backend_test.TestManagerAuth" name="test_manager_endpoint_no_token" time="0.112" /><testcase classname="tests.backend_test.TestManagerBookings" name="test_list_bookings" time="0.119" /><testcase classname="tests.backend_test.TestManagerBookings" name="test_update_booking_status" time="0.253" /><testcase classname="tests.backend_test.TestManagerBookings" name="test_update_invalid_status" time="0.314" /><testcase classname="tests.backend_test.TestManagerStats" name="test_stats" time="0.145" /><testcase classname="tests.backend_test.TestSlotBlocks" name="test_block_whole_day" time="0.120" /><testcase classname="tests.backend_test.TestSlotBlocks" name="test_slots_reflect_block" time="0.114" /><testcase classname="tests.backend_test.TestSlotBlocks" name="test_delete_block" time="0.251" /><testcase classname="tests.backend_test.TestManagerServices" name="test_toggle_and_price" time="0.772" /></testsuite></testsuites>