<?xml version="1.0" encoding="utf-8"?><testsuites name="pytest tests"><testsuite name="pytest" errors="0" failures="0" skipped="0" tests="18" time="3.862" timestamp="2026-07-31T05:38:46.712239+00:00" hostname="agent-env-e38aa4b1-8e50-465a-854e-baee4692f4d0"><testcase classname="tests.test_v5_features.TestAuth" name="test_register_returns_jwt_and_user" time="0.474" /><testcase classname="tests.test_v5_features.TestAuth" name="test_register_duplicate_409" time="0.258" /><testcase classname="tests.test_v5_features.TestCart" name="test_empty_cart" time="0.835" /><testcase classname="tests.test_v5_features.TestAuth" name="test_login_correct" time="0.367" /><testcase classname="tests.test_v5_features.TestCart" name="test_add_remove_clear" time="1.238" /><testcase classname="tests.test_v5_features.TestAuth" name="test_login_wrong" time="0.316" /><testcase classname="tests.test_v5_features.TestAuth" name="test_me_with_token" time="0.129" /><testcase classname="tests.test_v5_features.TestAuth" name="test_me_without_token" time="0.094" /><testcase classname="tests.test_v5_features.TestAuth" name="test_me_bad_token" time="0.107" /><testcase classname="tests.test_v5_features.TestAuth" name="test_admin_login" time="0.321" /><testcase classname="tests.test_v5_features.TestStylists" name="test_stylists_v5" time="0.092" /><testcase classname="tests.test_v5_features.TestCart" name="test_cart_no_auth" time="0.094" /><testcase classname="tests.test_v5_features.TestPaymentInfo" name="test_payment_info" time="0.095" /><testcase classname="tests.test_v5_features.TestCheckout" name="test_empty_cart_400" time="0.290" /><testcase classname="tests.test_v5_features.TestBookingLink" name="test_booking_with_token" time="0.743" /><testcase classname="tests.test_v5_features.TestCheckout" name="test_checkout_math" time="0.704" /><testcase classname="tests.test_v5_features.TestManagerOrders" name="test_list_and_update" time="0.099" /><testcase classname="tests.test_v5_features.TestCheckout" name="test_qr_endpoint" time="0.136" /></testsuite></testsuites>